\BOOKMARK [1][]{section.0.1}{\376\377\0001\000\040\000I\000n\000t\000r\000o\000d\000u\000c\000t\000i\000o\000n}{}% 1
\BOOKMARK [2][]{subsection.0.1.1}{\376\377\0001\000.\0001\000\040\000B\000a\000c\000k\000g\000r\000o\000u\000n\000d}{section.0.1}% 2
\BOOKMARK [2][]{subsection.0.1.2}{\376\377\0001\000.\0002\000\040\000P\000r\000o\000b\000l\000e\000m\000\040\000R\000e\000s\000t\000a\000t\000e\000m\000e\000n\000t}{section.0.1}% 3
\BOOKMARK [2][]{subsection.0.1.3}{\376\377\0001\000.\0003\000\040\000O\000u\000r\000\040\000w\000o\000r\000k\000\040\000\046\000\040\000M\000o\000d\000e\000l\000\040\000O\000v\000e\000r\000v\000i\000e\000w}{section.0.1}% 4
\BOOKMARK [1][]{section.0.2}{\376\377\0002\000\040\000A\000s\000s\000u\000m\000p\000t\000i\000o\000n\000s\000\040\000a\000n\000d\000\040\000J\000u\000s\000t\000i\000f\000i\000f\000i\000c\000a\000t\000i\000o\000n\000s}{}% 5
\BOOKMARK [2][]{subsection.0.2.1}{\376\377\0002\000.\0001\000\040\000A\000s\000s\000u\000m\000p\000t\000i\000o\000n\000s}{section.0.2}% 6
\BOOKMARK [2][]{subsection.0.2.2}{\376\377\0002\000.\0002\000\040\000N\000o\000t\000a\000t\000i\000o\000n\000s}{section.0.2}% 7
\BOOKMARK [1][]{section.0.3}{\376\377\0003\000\040\000D\000a\000t\000a\000\040\000E\000x\000p\000l\000o\000r\000a\000t\000i\000o\000n}{}% 8
\BOOKMARK [2][]{subsection.0.3.1}{\376\377\0003\000.\0001\000\040\000D\000a\000t\000a\000\040\000C\000l\000e\000a\000n\000i\000n\000g}{section.0.3}% 9
\BOOKMARK [2][]{subsection.0.3.2}{\376\377\0003\000.\0002\000\040\000D\000a\000t\000a\000\040\000A\000n\000a\000l\000y\000s\000i\000s}{section.0.3}% 10
\BOOKMARK [2][]{subsection.0.3.3}{\376\377\0003\000.\0003\000\040\000D\000a\000t\000a\000\040\000A\000u\000g\000m\000e\000n\000t\000a\000t\000i\000o\000n}{section.0.3}% 11
\BOOKMARK [1][]{section.0.4}{\376\377\0004\000\040\000T\000h\000e\000\040\000P\000r\000e\000d\000i\000c\000t\000i\000o\000n\000\040\000M\000o\000d\000e\000l\000\040\000o\000f\000\040\000U\000s\000e\000d\000\040\000S\000a\000i\000l\000b\000o\000a\000t\000\040\000P\000r\000i\000c\000e\000s}{}% 12
\BOOKMARK [2][]{subsection.0.4.1}{\376\377\0004\000.\0001\000\040\000T\000h\000e\000\040\000E\000s\000t\000a\000b\000l\000i\000s\000h\000m\000e\000n\000t\000\040\000o\000f\000\040\000T\000h\000e\000\040\000M\000o\000d\000e\000l}{section.0.4}% 13
\BOOKMARK [2][]{subsection.0.4.2}{\376\377\0004\000.\0002\000\040\000M\000o\000d\000e\000l\000\040\000V\000a\000l\000i\000d\000a\000t\000i\000o\000n}{section.0.4}% 14
\BOOKMARK [2][]{subsection.0.4.3}{\376\377\0004\000.\0003\000\040\000M\000o\000d\000e\000l\000\040\000A\000c\000c\000u\000r\000a\000c\000y\000\040\000A\000n\000a\000l\000y\000s\000i\000s}{section.0.4}% 15
\BOOKMARK [1][]{section.0.5}{\376\377\0005\000\040\000R\000e\000g\000i\000o\000n\000a\000l\000\040\000E\000f\000f\000e\000c\000t\000\040\000A\000n\000a\000l\000y\000s\000i\000s}{}% 16
\BOOKMARK [1][]{section.0.6}{\376\377\0006\000\040\000T\000h\000e\000\040\000a\000p\000p\000l\000i\000c\000a\000b\000i\000l\000i\000t\000y\000\040\000o\000f\000\040\000T\000h\000e\000\040\000P\000r\000e\000d\000i\000c\000t\000i\000o\000n\000\040\000M\000o\000d\000e\000l\000\040\000i\000n\000\040\000H\000o\000n\000g\000\040\000K\000o\000n\000g}{}% 17
\BOOKMARK [1][]{section.0.7}{\376\377\0007\000\040\000E\000x\000t\000e\000n\000d\000e\000d\000\040\000I\000n\000f\000e\000r\000e\000n\000c\000e\000s\000\040\000o\000r\000\040\000C\000o\000n\000c\000l\000u\000s\000i\000o\000n}{}% 18
\BOOKMARK [1][]{section.0.8}{\376\377\0008\000\040\000F\000u\000r\000t\000h\000e\000r\000\040\000I\000m\000p\000r\000o\000v\000e\000m\000e\000n\000t\000s}{}% 19
\BOOKMARK [1][]{section.0.9}{\376\377\0009\000\040\000S\000t\000r\000e\000n\000g\000t\000h\000s\000\040\000a\000n\000d\000\040\000W\000e\000a\000k\000n\000e\000s\000s\000e\000s}{}% 20
\BOOKMARK [2][]{subsection.0.9.1}{\376\377\0009\000.\0001\000\040\000S\000t\000r\000e\000n\000g\000t\000h\000s}{section.0.9}% 21
\BOOKMARK [2][]{subsection.0.9.2}{\376\377\0009\000.\0002\000\040\000W\000e\000a\000k\000n\000e\000s\000s\000e\000s}{section.0.9}% 22
\BOOKMARK [1][]{section.0.10}{\376\377\0001\0000\000\040\000C\000o\000n\000c\000l\000u\000s\000i\000o\000n}{}% 23
\BOOKMARK [1][]{section.0.11}{\376\377\000R\000e\000p\000o\000r\000t}{}% 24
\BOOKMARK [1][]{section.1.11}{\376\377\000R\000e\000f\000e\000r\000e\000n\000c\000e\000s}{}% 25
\BOOKMARK [1][]{section*.5}{\376\377\000A\000p\000p\000e\000n\000d\000i\000x\000\040\000A\000:\000\040\000F\000u\000r\000t\000h\000e\000r\000\040\000o\000n\000\040\000L\000a\000T\000e\000X}{}% 26
\BOOKMARK [1][]{section*.6}{\376\377\000A\000p\000p\000e\000n\000d\000i\000x\000\040\000B\000:\000\040\000P\000r\000o\000g\000r\000a\000m\000\040\000C\000o\000d\000e\000s}{}% 27
